2020-08-19 19:37:09.539  INFO 10532 --- [restartedMain] com.isoft.demo.DemoApplication           : Starting DemoApplication on DESKTOP-03FCN7A with PID 10532 (E:\mobile\target\classes started by dell in E:\mobile)
2020-08-19 19:37:09.546  INFO 10532 --- [restartedMain] com.isoft.demo.DemoApplication           : No active profile set, falling back to default profiles: default
2020-08-19 19:37:09.681  INFO 10532 --- [restartedMain] .e.DevToolsPropertyDefaultsPostProcessor : Devtools property defaults active! Set 'spring.devtools.add-properties' to 'false' to disable
2020-08-19 19:37:09.684  INFO 10532 --- [restartedMain] .e.DevToolsPropertyDefaultsPostProcessor : For additional web related logging consider setting the 'logging.level.web' property to 'DEBUG'
2020-08-19 19:37:10.894  WARN 10532 --- [restartedMain] o.m.s.mapper.ClassPathMapperScanner      : No MyBatis mapper was found in '[com.isoft.demo]' package. Please check your configuration.
2020-08-19 19:37:11.378  INFO 10532 --- [restartedMain] o.s.b.w.embedded.tomcat.TomcatWebServer  : Tomcat initialized with port(s): 8080 (http)
2020-08-19 19:37:11.387  INFO 10532 --- [restartedMain] o.apache.catalina.core.StandardService   : Starting service [Tomcat]
2020-08-19 19:37:11.387  INFO 10532 --- [restartedMain] org.apache.catalina.core.StandardEngine  : Starting Servlet engine: [Apache Tomcat/9.0.37]
2020-08-19 19:37:11.389  INFO 10532 --- [restartedMain] o.a.catalina.core.AprLifecycleListener   : An older version [1.2.21] of the Apache Tomcat Native library is installed, while Tomcat recommends a minimum version of [1.2.23]
2020-08-19 19:37:11.389  INFO 10532 --- [restartedMain] o.a.catalina.core.AprLifecycleListener   : Loaded Apache Tomcat Native library [1.2.21] using APR version [1.6.5].
2020-08-19 19:37:11.390  INFO 10532 --- [restartedMain] o.a.catalina.core.AprLifecycleListener   : APR capabilities: IPv6 [true], sendfile [true], accept filters [false], random [true].
2020-08-19 19:37:11.391  INFO 10532 --- [restartedMain] o.a.catalina.core.AprLifecycleListener   : APR/OpenSSL configuration: useAprConnector [false], useOpenSSL [true]
2020-08-19 19:37:11.394  INFO 10532 --- [restartedMain] o.a.catalina.core.AprLifecycleListener   : OpenSSL successfully initialized [OpenSSL 1.1.1a  20 Nov 2018]
2020-08-19 19:37:11.555  INFO 10532 --- [restartedMain] o.a.c.c.C.[Tomcat].[localhost].[/]       : Initializing Spring embedded WebApplicationContext
2020-08-19 19:37:11.555  INFO 10532 --- [restartedMain] w.s.c.ServletWebServerApplicationContext : Root WebApplicationContext: initialization completed in 1855 ms
2020-08-19 19:37:11.786  INFO 10532 --- [restartedMain] o.s.s.concurrent.ThreadPoolTaskExecutor  : Initializing ExecutorService 'applicationTaskExecutor'
2020-08-19 19:37:11.898  WARN 10532 --- [restartedMain] ion$DefaultTemplateResolverConfiguration : Cannot find template location: classpath:/templates/ (please add some templates or check your Thymeleaf configuration)
2020-08-19 19:37:12.519  WARN 10532 --- [restartedMain] o.s.b.d.a.OptionalLiveReloadServer       : Unable to start LiveReload server
2020-08-19 19:37:12.553  WARN 10532 --- [restartedMain] ConfigServletWebServerApplicationContext : Exception encountered during context initialization - cancelling refresh attempt: org.springframework.context.ApplicationContextException: Failed to start bean 'webServerStartStop'; nested exception is org.springframework.boot.web.server.PortInUseException: Port 8080 is already in use
2020-08-19 19:37:12.556  INFO 10532 --- [restartedMain] com.alibaba.druid.pool.DruidDataSource   : {dataSource-0} closing ...
2020-08-19 19:37:12.557  INFO 10532 --- [restartedMain] o.s.s.concurrent.ThreadPoolTaskExecutor  : Shutting down ExecutorService 'applicationTaskExecutor'
2020-08-19 19:37:12.559  INFO 10532 --- [restartedMain] o.apache.catalina.core.StandardService   : Stopping service [Tomcat]
2020-08-19 19:37:12.577  INFO 10532 --- [restartedMain] ConditionEvaluationReportLoggingListener : 

Error starting ApplicationContext. To display the conditions report re-run your application with 'debug' enabled.
2020-08-19 19:37:12.585 ERROR 10532 --- [restartedMain] o.s.b.d.LoggingFailureAnalysisReporter   : 

***************************
APPLICATION FAILED TO START
***************************

Description:

Web server failed to start. Port 8080 was already in use.

Action:

Identify and stop the process that's listening on port 8080 or configure this application to listen on another port.

2020-08-19 19:37:33.622  INFO 540 --- [restartedMain] com.isoft.demo.DemoApplication           : Starting DemoApplication on DESKTOP-03FCN7A with PID 540 (E:\mobile\target\classes started by dell in E:\mobile)
2020-08-19 19:37:33.625  INFO 540 --- [restartedMain] com.isoft.demo.DemoApplication           : No active profile set, falling back to default profiles: default
2020-08-19 19:37:33.730  INFO 540 --- [restartedMain] .e.DevToolsPropertyDefaultsPostProcessor : Devtools property defaults active! Set 'spring.devtools.add-properties' to 'false' to disable
2020-08-19 19:37:33.731  INFO 540 --- [restartedMain] .e.DevToolsPropertyDefaultsPostProcessor : For additional web related logging consider setting the 'logging.level.web' property to 'DEBUG'
2020-08-19 19:37:34.875  WARN 540 --- [restartedMain] o.m.s.mapper.ClassPathMapperScanner      : No MyBatis mapper was found in '[com.isoft.demo]' package. Please check your configuration.
2020-08-19 19:37:35.357  INFO 540 --- [restartedMain] o.s.b.w.embedded.tomcat.TomcatWebServer  : Tomcat initialized with port(s): 8080 (http)
2020-08-19 19:37:35.367  INFO 540 --- [restartedMain] o.apache.catalina.core.StandardService   : Starting service [Tomcat]
2020-08-19 19:37:35.367  INFO 540 --- [restartedMain] org.apache.catalina.core.StandardEngine  : Starting Servlet engine: [Apache Tomcat/9.0.37]
2020-08-19 19:37:35.369  INFO 540 --- [restartedMain] o.a.catalina.core.AprLifecycleListener   : An older version [1.2.21] of the Apache Tomcat Native library is installed, while Tomcat recommends a minimum version of [1.2.23]
2020-08-19 19:37:35.370  INFO 540 --- [restartedMain] o.a.catalina.core.AprLifecycleListener   : Loaded Apache Tomcat Native library [1.2.21] using APR version [1.6.5].
2020-08-19 19:37:35.370  INFO 540 --- [restartedMain] o.a.catalina.core.AprLifecycleListener   : APR capabilities: IPv6 [true], sendfile [true], accept filters [false], random [true].
2020-08-19 19:37:35.371  INFO 540 --- [restartedMain] o.a.catalina.core.AprLifecycleListener   : APR/OpenSSL configuration: useAprConnector [false], useOpenSSL [true]
2020-08-19 19:37:35.374  INFO 540 --- [restartedMain] o.a.catalina.core.AprLifecycleListener   : OpenSSL successfully initialized [OpenSSL 1.1.1a  20 Nov 2018]
2020-08-19 19:37:35.506  INFO 540 --- [restartedMain] o.a.c.c.C.[Tomcat].[localhost].[/]       : Initializing Spring embedded WebApplicationContext
2020-08-19 19:37:35.507  INFO 540 --- [restartedMain] w.s.c.ServletWebServerApplicationContext : Root WebApplicationContext: initialization completed in 1776 ms
2020-08-19 19:37:35.721  INFO 540 --- [restartedMain] o.s.s.concurrent.ThreadPoolTaskExecutor  : Initializing ExecutorService 'applicationTaskExecutor'
2020-08-19 19:37:35.833  WARN 540 --- [restartedMain] ion$DefaultTemplateResolverConfiguration : Cannot find template location: classpath:/templates/ (please add some templates or check your Thymeleaf configuration)
2020-08-19 19:37:36.470  INFO 540 --- [restartedMain] o.s.b.d.a.OptionalLiveReloadServer       : LiveReload server is running on port 35729
2020-08-19 19:37:36.516  INFO 540 --- [restartedMain] o.s.b.w.embedded.tomcat.TomcatWebServer  : Tomcat started on port(s): 8080 (http) with context path ''
2020-08-19 19:37:36.528  INFO 540 --- [restartedMain] com.isoft.demo.DemoApplication           : Started DemoApplication in 3.461 seconds (JVM running for 4.903)
2020-08-19 19:38:10.836  INFO 540 --- [http-nio-8080-exec-1] o.a.c.c.C.[Tomcat].[localhost].[/]       : Initializing Spring DispatcherServlet 'dispatcherServlet'
2020-08-19 19:38:10.836  INFO 540 --- [http-nio-8080-exec-1] o.s.web.servlet.DispatcherServlet        : Initializing Servlet 'dispatcherServlet'
2020-08-19 19:38:10.844  INFO 540 --- [http-nio-8080-exec-1] o.s.web.servlet.DispatcherServlet        : Completed initialization in 7 ms
2020-08-19 19:39:16.577  INFO 8156 --- [restartedMain] com.isoft.demo.DemoApplication           : Starting DemoApplication on DESKTOP-03FCN7A with PID 8156 (E:\mobile\target\classes started by dell in E:\mobile)
2020-08-19 19:39:16.581  INFO 8156 --- [restartedMain] com.isoft.demo.DemoApplication           : No active profile set, falling back to default profiles: default
2020-08-19 19:39:16.696  INFO 8156 --- [restartedMain] .e.DevToolsPropertyDefaultsPostProcessor : Devtools property defaults active! Set 'spring.devtools.add-properties' to 'false' to disable
2020-08-19 19:39:16.697  INFO 8156 --- [restartedMain] .e.DevToolsPropertyDefaultsPostProcessor : For additional web related logging consider setting the 'logging.level.web' property to 'DEBUG'
2020-08-19 19:39:17.876  WARN 8156 --- [restartedMain] o.m.s.mapper.ClassPathMapperScanner      : No MyBatis mapper was found in '[com.isoft.demo]' package. Please check your configuration.
2020-08-19 19:39:18.361  INFO 8156 --- [restartedMain] o.s.b.w.embedded.tomcat.TomcatWebServer  : Tomcat initialized with port(s): 8080 (http)
2020-08-19 19:39:18.370  INFO 8156 --- [restartedMain] o.apache.catalina.core.StandardService   : Starting service [Tomcat]
2020-08-19 19:39:18.371  INFO 8156 --- [restartedMain] org.apache.catalina.core.StandardEngine  : Starting Servlet engine: [Apache Tomcat/9.0.37]
2020-08-19 19:39:18.373  INFO 8156 --- [restartedMain] o.a.catalina.core.AprLifecycleListener   : An older version [1.2.21] of the Apache Tomcat Native library is installed, while Tomcat recommends a minimum version of [1.2.23]
2020-08-19 19:39:18.373  INFO 8156 --- [restartedMain] o.a.catalina.core.AprLifecycleListener   : Loaded Apache Tomcat Native library [1.2.21] using APR version [1.6.5].
2020-08-19 19:39:18.373  INFO 8156 --- [restartedMain] o.a.catalina.core.AprLifecycleListener   : APR capabilities: IPv6 [true], sendfile [true], accept filters [false], random [true].
2020-08-19 19:39:18.373  INFO 8156 --- [restartedMain] o.a.catalina.core.AprLifecycleListener   : APR/OpenSSL configuration: useAprConnector [false], useOpenSSL [true]
2020-08-19 19:39:18.377  INFO 8156 --- [restartedMain] o.a.catalina.core.AprLifecycleListener   : OpenSSL successfully initialized [OpenSSL 1.1.1a  20 Nov 2018]
2020-08-19 19:39:18.521  INFO 8156 --- [restartedMain] o.a.c.c.C.[Tomcat].[localhost].[/]       : Initializing Spring embedded WebApplicationContext
2020-08-19 19:39:18.522  INFO 8156 --- [restartedMain] w.s.c.ServletWebServerApplicationContext : Root WebApplicationContext: initialization completed in 1825 ms
2020-08-19 19:39:18.733  INFO 8156 --- [restartedMain] o.s.s.concurrent.ThreadPoolTaskExecutor  : Initializing ExecutorService 'applicationTaskExecutor'
2020-08-19 19:39:18.787  INFO 8156 --- [restartedMain] o.s.b.a.w.s.WelcomePageHandlerMapping    : Adding welcome page: class path resource [static/index.html]
2020-08-19 19:39:18.841  WARN 8156 --- [restartedMain] ion$DefaultTemplateResolverConfiguration : Cannot find template location: classpath:/templates/ (please add some templates or check your Thymeleaf configuration)
2020-08-19 19:39:19.449  INFO 8156 --- [restartedMain] o.s.b.d.a.OptionalLiveReloadServer       : LiveReload server is running on port 35729
2020-08-19 19:39:19.496  INFO 8156 --- [restartedMain] o.s.b.w.embedded.tomcat.TomcatWebServer  : Tomcat started on port(s): 8080 (http) with context path ''
2020-08-19 19:39:19.507  INFO 8156 --- [restartedMain] com.isoft.demo.DemoApplication           : Started DemoApplication in 3.504 seconds (JVM running for 4.865)
2020-08-19 19:39:25.956  INFO 8156 --- [http-nio-8080-exec-1] o.a.c.c.C.[Tomcat].[localhost].[/]       : Initializing Spring DispatcherServlet 'dispatcherServlet'
2020-08-19 19:39:25.957  INFO 8156 --- [http-nio-8080-exec-1] o.s.web.servlet.DispatcherServlet        : Initializing Servlet 'dispatcherServlet'
2020-08-19 19:39:25.968  INFO 8156 --- [http-nio-8080-exec-1] o.s.web.servlet.DispatcherServlet        : Completed initialization in 11 ms
2020-08-19 19:40:19.303  INFO 12172 --- [restartedMain] com.isoft.demo.DemoApplication           : Starting DemoApplication on DESKTOP-03FCN7A with PID 12172 (E:\mobile\target\classes started by dell in E:\mobile)
2020-08-19 19:40:19.309  INFO 12172 --- [restartedMain] com.isoft.demo.DemoApplication           : No active profile set, falling back to default profiles: default
2020-08-19 19:40:19.420  INFO 12172 --- [restartedMain] .e.DevToolsPropertyDefaultsPostProcessor : Devtools property defaults active! Set 'spring.devtools.add-properties' to 'false' to disable
2020-08-19 19:40:19.421  INFO 12172 --- [restartedMain] .e.DevToolsPropertyDefaultsPostProcessor : For additional web related logging consider setting the 'logging.level.web' property to 'DEBUG'
2020-08-19 19:40:20.726  WARN 12172 --- [restartedMain] o.m.s.mapper.ClassPathMapperScanner      : No MyBatis mapper was found in '[com.isoft.demo]' package. Please check your configuration.
2020-08-19 19:40:21.199  INFO 12172 --- [restartedMain] o.s.b.w.embedded.tomcat.TomcatWebServer  : Tomcat initialized with port(s): 8080 (http)
2020-08-19 19:40:21.207  INFO 12172 --- [restartedMain] o.apache.catalina.core.StandardService   : Starting service [Tomcat]
2020-08-19 19:40:21.207  INFO 12172 --- [restartedMain] org.apache.catalina.core.StandardEngine  : Starting Servlet engine: [Apache Tomcat/9.0.37]
2020-08-19 19:40:21.210  INFO 12172 --- [restartedMain] o.a.catalina.core.AprLifecycleListener   : An older version [1.2.21] of the Apache Tomcat Native library is installed, while Tomcat recommends a minimum version of [1.2.23]
2020-08-19 19:40:21.211  INFO 12172 --- [restartedMain] o.a.catalina.core.AprLifecycleListener   : Loaded Apache Tomcat Native library [1.2.21] using APR version [1.6.5].
2020-08-19 19:40:21.211  INFO 12172 --- [restartedMain] o.a.catalina.core.AprLifecycleListener   : APR capabilities: IPv6 [true], sendfile [true], accept filters [false], random [true].
2020-08-19 19:40:21.211  INFO 12172 --- [restartedMain] o.a.catalina.core.AprLifecycleListener   : APR/OpenSSL configuration: useAprConnector [false], useOpenSSL [true]
2020-08-19 19:40:21.214  INFO 12172 --- [restartedMain] o.a.catalina.core.AprLifecycleListener   : OpenSSL successfully initialized [OpenSSL 1.1.1a  20 Nov 2018]
2020-08-19 19:40:21.387  INFO 12172 --- [restartedMain] o.a.c.c.C.[Tomcat].[localhost].[/]       : Initializing Spring embedded WebApplicationContext
2020-08-19 19:40:21.388  INFO 12172 --- [restartedMain] w.s.c.ServletWebServerApplicationContext : Root WebApplicationContext: initialization completed in 1967 ms
2020-08-19 19:40:21.622  INFO 12172 --- [restartedMain] o.s.s.concurrent.ThreadPoolTaskExecutor  : Initializing ExecutorService 'applicationTaskExecutor'
2020-08-19 19:40:21.678  INFO 12172 --- [restartedMain] o.s.b.a.w.s.WelcomePageHandlerMapping    : Adding welcome page: class path resource [static/index.html]
2020-08-19 19:40:21.731  WARN 12172 --- [restartedMain] ion$DefaultTemplateResolverConfiguration : Cannot find template location: classpath:/templates/ (please add some templates or check your Thymeleaf configuration)
2020-08-19 19:40:22.354  INFO 12172 --- [restartedMain] o.s.b.d.a.OptionalLiveReloadServer       : LiveReload server is running on port 35729
2020-08-19 19:40:22.404  INFO 12172 --- [restartedMain] o.s.b.w.embedded.tomcat.TomcatWebServer  : Tomcat started on port(s): 8080 (http) with context path ''
2020-08-19 19:40:22.415  INFO 12172 --- [restartedMain] com.isoft.demo.DemoApplication           : Started DemoApplication in 3.78 seconds (JVM running for 5.078)
2020-08-19 19:40:56.457  INFO 12172 --- [http-nio-8080-exec-1] o.a.c.c.C.[Tomcat].[localhost].[/]       : Initializing Spring DispatcherServlet 'dispatcherServlet'
2020-08-19 19:40:56.458  INFO 12172 --- [http-nio-8080-exec-1] o.s.web.servlet.DispatcherServlet        : Initializing Servlet 'dispatcherServlet'
2020-08-19 19:40:56.465  INFO 12172 --- [http-nio-8080-exec-1] o.s.web.servlet.DispatcherServlet        : Completed initialization in 6 ms
2020-08-19 19:44:48.027  INFO 2560 --- [restartedMain] com.isoft.demo.DemoApplication           : Starting DemoApplication on DESKTOP-03FCN7A with PID 2560 (E:\mobile\target\classes started by dell in E:\mobile)
2020-08-19 19:44:48.034  INFO 2560 --- [restartedMain] com.isoft.demo.DemoApplication           : No active profile set, falling back to default profiles: default
2020-08-19 19:44:48.122  INFO 2560 --- [restartedMain] .e.DevToolsPropertyDefaultsPostProcessor : Devtools property defaults active! Set 'spring.devtools.add-properties' to 'false' to disable
2020-08-19 19:44:48.122  INFO 2560 --- [restartedMain] .e.DevToolsPropertyDefaultsPostProcessor : For additional web related logging consider setting the 'logging.level.web' property to 'DEBUG'
2020-08-19 19:44:49.553  INFO 2560 --- [restartedMain] o.s.b.w.embedded.tomcat.TomcatWebServer  : Tomcat initialized with port(s): 8080 (http)
2020-08-19 19:44:49.562  INFO 2560 --- [restartedMain] o.apache.catalina.core.StandardService   : Starting service [Tomcat]
2020-08-19 19:44:49.562  INFO 2560 --- [restartedMain] org.apache.catalina.core.StandardEngine  : Starting Servlet engine: [Apache Tomcat/9.0.37]
2020-08-19 19:44:49.564  INFO 2560 --- [restartedMain] o.a.catalina.core.AprLifecycleListener   : An older version [1.2.21] of the Apache Tomcat Native library is installed, while Tomcat recommends a minimum version of [1.2.23]
2020-08-19 19:44:49.565  INFO 2560 --- [restartedMain] o.a.catalina.core.AprLifecycleListener   : Loaded Apache Tomcat Native library [1.2.21] using APR version [1.6.5].
2020-08-19 19:44:49.565  INFO 2560 --- [restartedMain] o.a.catalina.core.AprLifecycleListener   : APR capabilities: IPv6 [true], sendfile [true], accept filters [false], random [true].
2020-08-19 19:44:49.565  INFO 2560 --- [restartedMain] o.a.catalina.core.AprLifecycleListener   : APR/OpenSSL configuration: useAprConnector [false], useOpenSSL [true]
2020-08-19 19:44:49.568  INFO 2560 --- [restartedMain] o.a.catalina.core.AprLifecycleListener   : OpenSSL successfully initialized [OpenSSL 1.1.1a  20 Nov 2018]
2020-08-19 19:44:49.662  INFO 2560 --- [restartedMain] o.a.c.c.C.[Tomcat].[localhost].[/]       : Initializing Spring embedded WebApplicationContext
2020-08-19 19:44:49.663  INFO 2560 --- [restartedMain] w.s.c.ServletWebServerApplicationContext : Root WebApplicationContext: initialization completed in 1541 ms
2020-08-19 19:44:49.717  WARN 2560 --- [restartedMain] ConfigServletWebServerApplicationContext : Exception encountered during context initialization - cancelling refresh attempt: org.springframework.beans.factory.UnsatisfiedDependencyException: Error creating bean with name 'userController': Unsatisfied dependency expressed through field 'userService'; nested exception is org.springframework.beans.factory.UnsatisfiedDependencyException: Error creating bean with name 'userServiceImpl': Unsatisfied dependency expressed through field 'userDao'; nested exception is org.springframework.beans.factory.NoSuchBeanDefinitionException: No qualifying bean of type 'com.isoft.demo.dao.UserDao' available: expected at least 1 bean which qualifies as autowire candidate. Dependency annotations: {@org.springframework.beans.factory.annotation.Autowired(required=true)}
2020-08-19 19:44:49.721  INFO 2560 --- [restartedMain] o.apache.catalina.core.StandardService   : Stopping service [Tomcat]
2020-08-19 19:44:49.742  INFO 2560 --- [restartedMain] ConditionEvaluationReportLoggingListener : 

Error starting ApplicationContext. To display the conditions report re-run your application with 'debug' enabled.
2020-08-19 19:44:49.895 ERROR 2560 --- [restartedMain] o.s.b.d.LoggingFailureAnalysisReporter   : 

***************************
APPLICATION FAILED TO START
***************************

Description:

Field userDao in com.isoft.demo.service.impl.UserServiceImpl required a bean of type 'com.isoft.demo.dao.UserDao' that could not be found.

The injection point has the following annotations:
	- @org.springframework.beans.factory.annotation.Autowired(required=true)


Action:

Consider defining a bean of type 'com.isoft.demo.dao.UserDao' in your configuration.

2020-08-19 19:45:59.996  INFO 1344 --- [restartedMain] com.isoft.demo.DemoApplication           : Starting DemoApplication on DESKTOP-03FCN7A with PID 1344 (E:\mobile\target\classes started by dell in E:\mobile)
2020-08-19 19:46:00.030  INFO 1344 --- [restartedMain] com.isoft.demo.DemoApplication           : No active profile set, falling back to default profiles: default
2020-08-19 19:46:00.166  INFO 1344 --- [restartedMain] .e.DevToolsPropertyDefaultsPostProcessor : Devtools property defaults active! Set 'spring.devtools.add-properties' to 'false' to disable
2020-08-19 19:46:00.167  INFO 1344 --- [restartedMain] .e.DevToolsPropertyDefaultsPostProcessor : For additional web related logging consider setting the 'logging.level.web' property to 'DEBUG'
2020-08-19 19:46:01.684  INFO 1344 --- [restartedMain] o.s.b.w.embedded.tomcat.TomcatWebServer  : Tomcat initialized with port(s): 8080 (http)
2020-08-19 19:46:01.694  INFO 1344 --- [restartedMain] o.apache.catalina.core.StandardService   : Starting service [Tomcat]
2020-08-19 19:46:01.694  INFO 1344 --- [restartedMain] org.apache.catalina.core.StandardEngine  : Starting Servlet engine: [Apache Tomcat/9.0.37]
2020-08-19 19:46:01.696  INFO 1344 --- [restartedMain] o.a.catalina.core.AprLifecycleListener   : An older version [1.2.21] of the Apache Tomcat Native library is installed, while Tomcat recommends a minimum version of [1.2.23]
2020-08-19 19:46:01.696  INFO 1344 --- [restartedMain] o.a.catalina.core.AprLifecycleListener   : Loaded Apache Tomcat Native library [1.2.21] using APR version [1.6.5].
2020-08-19 19:46:01.696  INFO 1344 --- [restartedMain] o.a.catalina.core.AprLifecycleListener   : APR capabilities: IPv6 [true], sendfile [true], accept filters [false], random [true].
2020-08-19 19:46:01.697  INFO 1344 --- [restartedMain] o.a.catalina.core.AprLifecycleListener   : APR/OpenSSL configuration: useAprConnector [false], useOpenSSL [true]
2020-08-19 19:46:01.700  INFO 1344 --- [restartedMain] o.a.catalina.core.AprLifecycleListener   : OpenSSL successfully initialized [OpenSSL 1.1.1a  20 Nov 2018]
2020-08-19 19:46:01.794  INFO 1344 --- [restartedMain] o.a.c.c.C.[Tomcat].[localhost].[/]       : Initializing Spring embedded WebApplicationContext
2020-08-19 19:46:01.794  INFO 1344 --- [restartedMain] w.s.c.ServletWebServerApplicationContext : Root WebApplicationContext: initialization completed in 1627 ms
2020-08-19 19:46:02.745  INFO 1344 --- [restartedMain] o.s.s.concurrent.ThreadPoolTaskExecutor  : Initializing ExecutorService 'applicationTaskExecutor'
2020-08-19 19:46:02.804  INFO 1344 --- [restartedMain] o.s.b.a.w.s.WelcomePageHandlerMapping    : Adding welcome page: class path resource [static/index.html]
2020-08-19 19:46:03.086  INFO 1344 --- [restartedMain] o.s.b.d.a.OptionalLiveReloadServer       : LiveReload server is running on port 35729
2020-08-19 19:46:03.134  INFO 1344 --- [restartedMain] o.s.b.w.embedded.tomcat.TomcatWebServer  : Tomcat started on port(s): 8080 (http) with context path ''
2020-08-19 19:46:03.147  INFO 1344 --- [restartedMain] com.isoft.demo.DemoApplication           : Started DemoApplication in 3.701 seconds (JVM running for 5.075)
2020-08-19 19:46:08.163  INFO 1344 --- [http-nio-8080-exec-1] o.a.c.c.C.[Tomcat].[localhost].[/]       : Initializing Spring DispatcherServlet 'dispatcherServlet'
2020-08-19 19:46:08.164  INFO 1344 --- [http-nio-8080-exec-1] o.s.web.servlet.DispatcherServlet        : Initializing Servlet 'dispatcherServlet'
2020-08-19 19:46:08.172  INFO 1344 --- [http-nio-8080-exec-1] o.s.web.servlet.DispatcherServlet        : Completed initialization in 8 ms
2020-08-19 19:48:00.258  INFO 18300 --- [restartedMain] com.isoft.demo.DemoApplication           : Starting DemoApplication on DESKTOP-03FCN7A with PID 18300 (E:\mobile\target\classes started by dell in E:\mobile)
2020-08-19 19:48:00.262  INFO 18300 --- [restartedMain] com.isoft.demo.DemoApplication           : No active profile set, falling back to default profiles: default
2020-08-19 19:48:00.374  INFO 18300 --- [restartedMain] .e.DevToolsPropertyDefaultsPostProcessor : Devtools property defaults active! Set 'spring.devtools.add-properties' to 'false' to disable
2020-08-19 19:48:00.375  INFO 18300 --- [restartedMain] .e.DevToolsPropertyDefaultsPostProcessor : For additional web related logging consider setting the 'logging.level.web' property to 'DEBUG'
2020-08-19 19:48:02.153  INFO 18300 --- [restartedMain] o.s.b.w.embedded.tomcat.TomcatWebServer  : Tomcat initialized with port(s): 8080 (http)
2020-08-19 19:48:02.164  INFO 18300 --- [restartedMain] o.apache.catalina.core.StandardService   : Starting service [Tomcat]
2020-08-19 19:48:02.164  INFO 18300 --- [restartedMain] org.apache.catalina.core.StandardEngine  : Starting Servlet engine: [Apache Tomcat/9.0.37]
2020-08-19 19:48:02.166  INFO 18300 --- [restartedMain] o.a.catalina.core.AprLifecycleListener   : An older version [1.2.21] of the Apache Tomcat Native library is installed, while Tomcat recommends a minimum version of [1.2.23]
2020-08-19 19:48:02.166  INFO 18300 --- [restartedMain] o.a.catalina.core.AprLifecycleListener   : Loaded Apache Tomcat Native library [1.2.21] using APR version [1.6.5].
2020-08-19 19:48:02.167  INFO 18300 --- [restartedMain] o.a.catalina.core.AprLifecycleListener   : APR capabilities: IPv6 [true], sendfile [true], accept filters [false], random [true].
2020-08-19 19:48:02.167  INFO 18300 --- [restartedMain] o.a.catalina.core.AprLifecycleListener   : APR/OpenSSL configuration: useAprConnector [false], useOpenSSL [true]
2020-08-19 19:48:02.171  INFO 18300 --- [restartedMain] o.a.catalina.core.AprLifecycleListener   : OpenSSL successfully initialized [OpenSSL 1.1.1a  20 Nov 2018]
2020-08-19 19:48:02.272  INFO 18300 --- [restartedMain] o.a.c.c.C.[Tomcat].[localhost].[/]       : Initializing Spring embedded WebApplicationContext
2020-08-19 19:48:02.273  INFO 18300 --- [restartedMain] w.s.c.ServletWebServerApplicationContext : Root WebApplicationContext: initialization completed in 1898 ms
2020-08-19 19:48:03.306  INFO 18300 --- [restartedMain] o.s.s.concurrent.ThreadPoolTaskExecutor  : Initializing ExecutorService 'applicationTaskExecutor'
2020-08-19 19:48:03.375  INFO 18300 --- [restartedMain] o.s.b.a.w.s.WelcomePageHandlerMapping    : Adding welcome page: class path resource [static/index.html]
2020-08-19 19:48:03.628  INFO 18300 --- [restartedMain] o.s.b.d.a.OptionalLiveReloadServer       : LiveReload server is running on port 35729
2020-08-19 19:48:03.677  INFO 18300 --- [restartedMain] o.s.b.w.embedded.tomcat.TomcatWebServer  : Tomcat started on port(s): 8080 (http) with context path ''
2020-08-19 19:48:03.688  INFO 18300 --- [restartedMain] com.isoft.demo.DemoApplication           : Started DemoApplication in 4.009 seconds (JVM running for 5.295)
2020-08-19 19:48:12.139  INFO 18300 --- [http-nio-8080-exec-1] o.a.c.c.C.[Tomcat].[localhost].[/]       : Initializing Spring DispatcherServlet 'dispatcherServlet'
2020-08-19 19:48:12.139  INFO 18300 --- [http-nio-8080-exec-1] o.s.web.servlet.DispatcherServlet        : Initializing Servlet 'dispatcherServlet'
2020-08-19 19:48:12.145  INFO 18300 --- [http-nio-8080-exec-1] o.s.web.servlet.DispatcherServlet        : Completed initialization in 6 ms
2020-08-19 19:49:19.549  INFO 8904 --- [restartedMain] com.isoft.demo.DemoApplication           : Starting DemoApplication on DESKTOP-03FCN7A with PID 8904 (E:\mobile\target\classes started by dell in E:\mobile)
2020-08-19 19:49:19.561  INFO 8904 --- [restartedMain] com.isoft.demo.DemoApplication           : No active profile set, falling back to default profiles: default
2020-08-19 19:49:19.656  INFO 8904 --- [restartedMain] .e.DevToolsPropertyDefaultsPostProcessor : Devtools property defaults active! Set 'spring.devtools.add-properties' to 'false' to disable
2020-08-19 19:49:19.657  INFO 8904 --- [restartedMain] .e.DevToolsPropertyDefaultsPostProcessor : For additional web related logging consider setting the 'logging.level.web' property to 'DEBUG'
2020-08-19 19:49:21.211  INFO 8904 --- [restartedMain] o.s.b.w.embedded.tomcat.TomcatWebServer  : Tomcat initialized with port(s): 8080 (http)
2020-08-19 19:49:21.219  INFO 8904 --- [restartedMain] o.apache.catalina.core.StandardService   : Starting service [Tomcat]
2020-08-19 19:49:21.220  INFO 8904 --- [restartedMain] org.apache.catalina.core.StandardEngine  : Starting Servlet engine: [Apache Tomcat/9.0.37]
2020-08-19 19:49:21.222  INFO 8904 --- [restartedMain] o.a.catalina.core.AprLifecycleListener   : An older version [1.2.21] of the Apache Tomcat Native library is installed, while Tomcat recommends a minimum version of [1.2.23]
2020-08-19 19:49:21.223  INFO 8904 --- [restartedMain] o.a.catalina.core.AprLifecycleListener   : Loaded Apache Tomcat Native library [1.2.21] using APR version [1.6.5].
2020-08-19 19:49:21.223  INFO 8904 --- [restartedMain] o.a.catalina.core.AprLifecycleListener   : APR capabilities: IPv6 [true], sendfile [true], accept filters [false], random [true].
2020-08-19 19:49:21.223  INFO 8904 --- [restartedMain] o.a.catalina.core.AprLifecycleListener   : APR/OpenSSL configuration: useAprConnector [false], useOpenSSL [true]
2020-08-19 19:49:21.228  INFO 8904 --- [restartedMain] o.a.catalina.core.AprLifecycleListener   : OpenSSL successfully initialized [OpenSSL 1.1.1a  20 Nov 2018]
2020-08-19 19:49:21.365  INFO 8904 --- [restartedMain] o.a.c.c.C.[Tomcat].[localhost].[/]       : Initializing Spring embedded WebApplicationContext
2020-08-19 19:49:21.366  INFO 8904 --- [restartedMain] w.s.c.ServletWebServerApplicationContext : Root WebApplicationContext: initialization completed in 1709 ms
2020-08-19 19:49:22.443  INFO 8904 --- [restartedMain] o.s.s.concurrent.ThreadPoolTaskExecutor  : Initializing ExecutorService 'applicationTaskExecutor'
2020-08-19 19:49:22.503  INFO 8904 --- [restartedMain] o.s.b.a.w.s.WelcomePageHandlerMapping    : Adding welcome page: class path resource [static/index.html]
2020-08-19 19:49:22.804  INFO 8904 --- [restartedMain] o.s.b.d.a.OptionalLiveReloadServer       : LiveReload server is running on port 35729
2020-08-19 19:49:22.874  INFO 8904 --- [restartedMain] o.s.b.w.embedded.tomcat.TomcatWebServer  : Tomcat started on port(s): 8080 (http) with context path ''
2020-08-19 19:49:22.888  INFO 8904 --- [restartedMain] com.isoft.demo.DemoApplication           : Started DemoApplication in 3.996 seconds (JVM running for 5.371)
2020-08-19 19:49:26.743  INFO 8904 --- [http-nio-8080-exec-1] o.a.c.c.C.[Tomcat].[localhost].[/]       : Initializing Spring DispatcherServlet 'dispatcherServlet'
2020-08-19 19:49:26.743  INFO 8904 --- [http-nio-8080-exec-1] o.s.web.servlet.DispatcherServlet        : Initializing Servlet 'dispatcherServlet'
2020-08-19 19:49:26.750  INFO 8904 --- [http-nio-8080-exec-1] o.s.web.servlet.DispatcherServlet        : Completed initialization in 7 ms
2020-08-19 19:50:42.066  INFO 1584 --- [restartedMain] com.isoft.demo.DemoApplication           : Starting DemoApplication on DESKTOP-03FCN7A with PID 1584 (E:\mobile\target\classes started by dell in E:\mobile)
2020-08-19 19:50:42.089  INFO 1584 --- [restartedMain] com.isoft.demo.DemoApplication           : No active profile set, falling back to default profiles: default
2020-08-19 19:50:42.337  INFO 1584 --- [restartedMain] .e.DevToolsPropertyDefaultsPostProcessor : Devtools property defaults active! Set 'spring.devtools.add-properties' to 'false' to disable
2020-08-19 19:50:42.337  INFO 1584 --- [restartedMain] .e.DevToolsPropertyDefaultsPostProcessor : For additional web related logging consider setting the 'logging.level.web' property to 'DEBUG'
2020-08-19 19:50:44.105  INFO 1584 --- [restartedMain] o.s.b.w.embedded.tomcat.TomcatWebServer  : Tomcat initialized with port(s): 8080 (http)
2020-08-19 19:50:44.113  INFO 1584 --- [restartedMain] o.apache.catalina.core.StandardService   : Starting service [Tomcat]
2020-08-19 19:50:44.114  INFO 1584 --- [restartedMain] org.apache.catalina.core.StandardEngine  : Starting Servlet engine: [Apache Tomcat/9.0.37]
2020-08-19 19:50:44.116  INFO 1584 --- [restartedMain] o.a.catalina.core.AprLifecycleListener   : An older version [1.2.21] of the Apache Tomcat Native library is installed, while Tomcat recommends a minimum version of [1.2.23]
2020-08-19 19:50:44.117  INFO 1584 --- [restartedMain] o.a.catalina.core.AprLifecycleListener   : Loaded Apache Tomcat Native library [1.2.21] using APR version [1.6.5].
2020-08-19 19:50:44.117  INFO 1584 --- [restartedMain] o.a.catalina.core.AprLifecycleListener   : APR capabilities: IPv6 [true], sendfile [true], accept filters [false], random [true].
2020-08-19 19:50:44.117  INFO 1584 --- [restartedMain] o.a.catalina.core.AprLifecycleListener   : APR/OpenSSL configuration: useAprConnector [false], useOpenSSL [true]
2020-08-19 19:50:44.121  INFO 1584 --- [restartedMain] o.a.catalina.core.AprLifecycleListener   : OpenSSL successfully initialized [OpenSSL 1.1.1a  20 Nov 2018]
2020-08-19 19:50:44.271  INFO 1584 --- [restartedMain] o.a.c.c.C.[Tomcat].[localhost].[/]       : Initializing Spring embedded WebApplicationContext
2020-08-19 19:50:44.271  INFO 1584 --- [restartedMain] w.s.c.ServletWebServerApplicationContext : Root WebApplicationContext: initialization completed in 1933 ms
2020-08-19 19:50:45.231  INFO 1584 --- [restartedMain] o.s.s.concurrent.ThreadPoolTaskExecutor  : Initializing ExecutorService 'applicationTaskExecutor'
2020-08-19 19:50:45.288  INFO 1584 --- [restartedMain] o.s.b.a.w.s.WelcomePageHandlerMapping    : Adding welcome page: class path resource [static/index.html]
2020-08-19 19:50:45.530  INFO 1584 --- [restartedMain] o.s.b.d.a.OptionalLiveReloadServer       : LiveReload server is running on port 35729
2020-08-19 19:50:45.576  INFO 1584 --- [restartedMain] o.s.b.w.embedded.tomcat.TomcatWebServer  : Tomcat started on port(s): 8080 (http) with context path ''
2020-08-19 19:50:45.588  INFO 1584 --- [restartedMain] com.isoft.demo.DemoApplication           : Started DemoApplication in 4.239 seconds (JVM running for 5.544)
2020-08-19 19:50:52.036  INFO 1584 --- [http-nio-8080-exec-1] o.a.c.c.C.[Tomcat].[localhost].[/]       : Initializing Spring DispatcherServlet 'dispatcherServlet'
2020-08-19 19:50:52.037  INFO 1584 --- [http-nio-8080-exec-1] o.s.web.servlet.DispatcherServlet        : Initializing Servlet 'dispatcherServlet'
2020-08-19 19:50:52.046  INFO 1584 --- [http-nio-8080-exec-1] o.s.web.servlet.DispatcherServlet        : Completed initialization in 9 ms
2020-08-19 19:57:06.341  INFO 8092 --- [restartedMain] com.isoft.demo.DemoApplication           : Starting DemoApplication on DESKTOP-03FCN7A with PID 8092 (E:\mobile\target\classes started by dell in E:\mobile)
2020-08-19 19:57:06.345  INFO 8092 --- [restartedMain] com.isoft.demo.DemoApplication           : No active profile set, falling back to default profiles: default
2020-08-19 19:57:06.435  INFO 8092 --- [restartedMain] .e.DevToolsPropertyDefaultsPostProcessor : Devtools property defaults active! Set 'spring.devtools.add-properties' to 'false' to disable
2020-08-19 19:57:06.435  INFO 8092 --- [restartedMain] .e.DevToolsPropertyDefaultsPostProcessor : For additional web related logging consider setting the 'logging.level.web' property to 'DEBUG'
2020-08-19 19:57:08.276  INFO 8092 --- [restartedMain] o.s.b.w.embedded.tomcat.TomcatWebServer  : Tomcat initialized with port(s): 8080 (http)
2020-08-19 19:57:08.291  INFO 8092 --- [restartedMain] o.apache.catalina.core.StandardService   : Starting service [Tomcat]
2020-08-19 19:57:08.291  INFO 8092 --- [restartedMain] org.apache.catalina.core.StandardEngine  : Starting Servlet engine: [Apache Tomcat/9.0.37]
2020-08-19 19:57:08.294  INFO 8092 --- [restartedMain] o.a.catalina.core.AprLifecycleListener   : An older version [1.2.21] of the Apache Tomcat Native library is installed, while Tomcat recommends a minimum version of [1.2.23]
2020-08-19 19:57:08.294  INFO 8092 --- [restartedMain] o.a.catalina.core.AprLifecycleListener   : Loaded Apache Tomcat Native library [1.2.21] using APR version [1.6.5].
2020-08-19 19:57:08.295  INFO 8092 --- [restartedMain] o.a.catalina.core.AprLifecycleListener   : APR capabilities: IPv6 [true], sendfile [true], accept filters [false], random [true].
2020-08-19 19:57:08.295  INFO 8092 --- [restartedMain] o.a.catalina.core.AprLifecycleListener   : APR/OpenSSL configuration: useAprConnector [false], useOpenSSL [true]
2020-08-19 19:57:08.302  INFO 8092 --- [restartedMain] o.a.catalina.core.AprLifecycleListener   : OpenSSL successfully initialized [OpenSSL 1.1.1a  20 Nov 2018]
2020-08-19 19:57:08.442  INFO 8092 --- [restartedMain] o.a.c.c.C.[Tomcat].[localhost].[/]       : Initializing Spring embedded WebApplicationContext
2020-08-19 19:57:08.442  INFO 8092 --- [restartedMain] w.s.c.ServletWebServerApplicationContext : Root WebApplicationContext: initialization completed in 2007 ms
2020-08-19 19:57:08.516  WARN 8092 --- [restartedMain] ConfigServletWebServerApplicationContext : Exception encountered during context initialization - cancelling refresh attempt: org.springframework.beans.factory.UnsatisfiedDependencyException: Error creating bean with name 'userController': Unsatisfied dependency expressed through field 'userService'; nested exception is org.springframework.beans.factory.UnsatisfiedDependencyException: Error creating bean with name 'userServiceImpl': Unsatisfied dependency expressed through field 'userDao'; nested exception is org.springframework.beans.factory.NoSuchBeanDefinitionException: No qualifying bean of type 'com.isoft.demo.dao.UserDao' available: expected at least 1 bean which qualifies as autowire candidate. Dependency annotations: {@org.springframework.beans.factory.annotation.Autowired(required=true)}
2020-08-19 19:57:08.523  INFO 8092 --- [restartedMain] o.apache.catalina.core.StandardService   : Stopping service [Tomcat]
2020-08-19 19:57:08.558  INFO 8092 --- [restartedMain] ConditionEvaluationReportLoggingListener : 

Error starting ApplicationContext. To display the conditions report re-run your application with 'debug' enabled.
2020-08-19 19:57:08.704 ERROR 8092 --- [restartedMain] o.s.b.d.LoggingFailureAnalysisReporter   : 

***************************
APPLICATION FAILED TO START
***************************

Description:

Field userDao in com.isoft.demo.service.impl.UserServiceImpl required a bean of type 'com.isoft.demo.dao.UserDao' that could not be found.

The injection point has the following annotations:
	- @org.springframework.beans.factory.annotation.Autowired(required=true)


Action:

Consider defining a bean of type 'com.isoft.demo.dao.UserDao' in your configuration.

2020-08-19 19:57:28.658  INFO 4516 --- [restartedMain] com.isoft.demo.DemoApplication           : Starting DemoApplication on DESKTOP-03FCN7A with PID 4516 (E:\mobile\target\classes started by dell in E:\mobile)
2020-08-19 19:57:28.664  INFO 4516 --- [restartedMain] com.isoft.demo.DemoApplication           : No active profile set, falling back to default profiles: default
2020-08-19 19:57:28.780  INFO 4516 --- [restartedMain] .e.DevToolsPropertyDefaultsPostProcessor : Devtools property defaults active! Set 'spring.devtools.add-properties' to 'false' to disable
2020-08-19 19:57:28.782  INFO 4516 --- [restartedMain] .e.DevToolsPropertyDefaultsPostProcessor : For additional web related logging consider setting the 'logging.level.web' property to 'DEBUG'
2020-08-19 19:57:30.560  INFO 4516 --- [restartedMain] o.s.b.w.embedded.tomcat.TomcatWebServer  : Tomcat initialized with port(s): 8080 (http)
2020-08-19 19:57:30.569  INFO 4516 --- [restartedMain] o.apache.catalina.core.StandardService   : Starting service [Tomcat]
2020-08-19 19:57:30.569  INFO 4516 --- [restartedMain] org.apache.catalina.core.StandardEngine  : Starting Servlet engine: [Apache Tomcat/9.0.37]
2020-08-19 19:57:30.572  INFO 4516 --- [restartedMain] o.a.catalina.core.AprLifecycleListener   : An older version [1.2.21] of the Apache Tomcat Native library is installed, while Tomcat recommends a minimum version of [1.2.23]
2020-08-19 19:57:30.572  INFO 4516 --- [restartedMain] o.a.catalina.core.AprLifecycleListener   : Loaded Apache Tomcat Native library [1.2.21] using APR version [1.6.5].
2020-08-19 19:57:30.572  INFO 4516 --- [restartedMain] o.a.catalina.core.AprLifecycleListener   : APR capabilities: IPv6 [true], sendfile [true], accept filters [false], random [true].
2020-08-19 19:57:30.573  INFO 4516 --- [restartedMain] o.a.catalina.core.AprLifecycleListener   : APR/OpenSSL configuration: useAprConnector [false], useOpenSSL [true]
2020-08-19 19:57:30.576  INFO 4516 --- [restartedMain] o.a.catalina.core.AprLifecycleListener   : OpenSSL successfully initialized [OpenSSL 1.1.1a  20 Nov 2018]
2020-08-19 19:57:30.679  INFO 4516 --- [restartedMain] o.a.c.c.C.[Tomcat].[localhost].[/]       : Initializing Spring embedded WebApplicationContext
2020-08-19 19:57:30.679  INFO 4516 --- [restartedMain] w.s.c.ServletWebServerApplicationContext : Root WebApplicationContext: initialization completed in 1896 ms
2020-08-19 19:57:30.736  WARN 4516 --- [restartedMain] ConfigServletWebServerApplicationContext : Exception encountered during context initialization - cancelling refresh attempt: org.springframework.beans.factory.UnsatisfiedDependencyException: Error creating bean with name 'userController': Unsatisfied dependency expressed through field 'userService'; nested exception is org.springframework.beans.factory.UnsatisfiedDependencyException: Error creating bean with name 'userServiceImpl': Unsatisfied dependency expressed through field 'userDao'; nested exception is org.springframework.beans.factory.NoSuchBeanDefinitionException: No qualifying bean of type 'com.isoft.demo.dao.UserDao' available: expected at least 1 bean which qualifies as autowire candidate. Dependency annotations: {@org.springframework.beans.factory.annotation.Autowired(required=true)}
2020-08-19 19:57:30.740  INFO 4516 --- [restartedMain] o.apache.catalina.core.StandardService   : Stopping service [Tomcat]
2020-08-19 19:57:30.761  INFO 4516 --- [restartedMain] ConditionEvaluationReportLoggingListener : 

Error starting ApplicationContext. To display the conditions report re-run your application with 'debug' enabled.
2020-08-19 19:57:30.911 ERROR 4516 --- [restartedMain] o.s.b.d.LoggingFailureAnalysisReporter   : 

***************************
APPLICATION FAILED TO START
***************************

Description:

Field userDao in com.isoft.demo.service.impl.UserServiceImpl required a bean of type 'com.isoft.demo.dao.UserDao' that could not be found.

The injection point has the following annotations:
	- @org.springframework.beans.factory.annotation.Autowired(required=true)


Action:

Consider defining a bean of type 'com.isoft.demo.dao.UserDao' in your configuration.

2020-08-19 19:57:42.681  INFO 16492 --- [restartedMain] com.isoft.demo.DemoApplication           : Starting DemoApplication on DESKTOP-03FCN7A with PID 16492 (E:\mobile\target\classes started by dell in E:\mobile)
2020-08-19 19:57:42.685  INFO 16492 --- [restartedMain] com.isoft.demo.DemoApplication           : No active profile set, falling back to default profiles: default
2020-08-19 19:57:42.801  INFO 16492 --- [restartedMain] .e.DevToolsPropertyDefaultsPostProcessor : Devtools property defaults active! Set 'spring.devtools.add-properties' to 'false' to disable
2020-08-19 19:57:42.802  INFO 16492 --- [restartedMain] .e.DevToolsPropertyDefaultsPostProcessor : For additional web related logging consider setting the 'logging.level.web' property to 'DEBUG'
2020-08-19 19:57:44.451  INFO 16492 --- [restartedMain] o.s.b.w.embedded.tomcat.TomcatWebServer  : Tomcat initialized with port(s): 8080 (http)
2020-08-19 19:57:44.460  INFO 16492 --- [restartedMain] o.apache.catalina.core.StandardService   : Starting service [Tomcat]
2020-08-19 19:57:44.461  INFO 16492 --- [restartedMain] org.apache.catalina.core.StandardEngine  : Starting Servlet engine: [Apache Tomcat/9.0.37]
2020-08-19 19:57:44.463  INFO 16492 --- [restartedMain] o.a.catalina.core.AprLifecycleListener   : An older version [1.2.21] of the Apache Tomcat Native library is installed, while Tomcat recommends a minimum version of [1.2.23]
2020-08-19 19:57:44.463  INFO 16492 --- [restartedMain] o.a.catalina.core.AprLifecycleListener   : Loaded Apache Tomcat Native library [1.2.21] using APR version [1.6.5].
2020-08-19 19:57:44.464  INFO 16492 --- [restartedMain] o.a.catalina.core.AprLifecycleListener   : APR capabilities: IPv6 [true], sendfile [true], accept filters [false], random [true].
2020-08-19 19:57:44.464  INFO 16492 --- [restartedMain] o.a.catalina.core.AprLifecycleListener   : APR/OpenSSL configuration: useAprConnector [false], useOpenSSL [true]
2020-08-19 19:57:44.467  INFO 16492 --- [restartedMain] o.a.catalina.core.AprLifecycleListener   : OpenSSL successfully initialized [OpenSSL 1.1.1a  20 Nov 2018]
2020-08-19 19:57:44.569  INFO 16492 --- [restartedMain] o.a.c.c.C.[Tomcat].[localhost].[/]       : Initializing Spring embedded WebApplicationContext
2020-08-19 19:57:44.570  INFO 16492 --- [restartedMain] w.s.c.ServletWebServerApplicationContext : Root WebApplicationContext: initialization completed in 1768 ms
2020-08-19 19:57:45.506  INFO 16492 --- [restartedMain] o.s.s.concurrent.ThreadPoolTaskExecutor  : Initializing ExecutorService 'applicationTaskExecutor'
2020-08-19 19:57:45.565  INFO 16492 --- [restartedMain] o.s.b.a.w.s.WelcomePageHandlerMapping    : Adding welcome page: class path resource [static/index.html]
2020-08-19 19:57:45.806  INFO 16492 --- [restartedMain] o.s.b.d.a.OptionalLiveReloadServer       : LiveReload server is running on port 35729
2020-08-19 19:57:45.851  INFO 16492 --- [restartedMain] o.s.b.w.embedded.tomcat.TomcatWebServer  : Tomcat started on port(s): 8080 (http) with context path ''
2020-08-19 19:57:45.862  INFO 16492 --- [restartedMain] com.isoft.demo.DemoApplication           : Started DemoApplication in 3.755 seconds (JVM running for 5.104)
2020-08-19 19:58:12.829  INFO 9132 --- [restartedMain] com.isoft.demo.DemoApplication           : Starting DemoApplication on DESKTOP-03FCN7A with PID 9132 (E:\mobile\target\classes started by dell in E:\mobile)
2020-08-19 19:58:12.835  INFO 9132 --- [restartedMain] com.isoft.demo.DemoApplication           : No active profile set, falling back to default profiles: default
2020-08-19 19:58:12.983  INFO 9132 --- [restartedMain] .e.DevToolsPropertyDefaultsPostProcessor : Devtools property defaults active! Set 'spring.devtools.add-properties' to 'false' to disable
2020-08-19 19:58:12.984  INFO 9132 --- [restartedMain] .e.DevToolsPropertyDefaultsPostProcessor : For additional web related logging consider setting the 'logging.level.web' property to 'DEBUG'
2020-08-19 19:58:15.170  INFO 9132 --- [restartedMain] o.s.b.w.embedded.tomcat.TomcatWebServer  : Tomcat initialized with port(s): 8080 (http)
2020-08-19 19:58:15.183  INFO 9132 --- [restartedMain] o.apache.catalina.core.StandardService   : Starting service [Tomcat]
2020-08-19 19:58:15.183  INFO 9132 --- [restartedMain] org.apache.catalina.core.StandardEngine  : Starting Servlet engine: [Apache Tomcat/9.0.37]
2020-08-19 19:58:15.186  INFO 9132 --- [restartedMain] o.a.catalina.core.AprLifecycleListener   : An older version [1.2.21] of the Apache Tomcat Native library is installed, while Tomcat recommends a minimum version of [1.2.23]
2020-08-19 19:58:15.186  INFO 9132 --- [restartedMain] o.a.catalina.core.AprLifecycleListener   : Loaded Apache Tomcat Native library [1.2.21] using APR version [1.6.5].
2020-08-19 19:58:15.187  INFO 9132 --- [restartedMain] o.a.catalina.core.AprLifecycleListener   : APR capabilities: IPv6 [true], sendfile [true], accept filters [false], random [true].
2020-08-19 19:58:15.187  INFO 9132 --- [restartedMain] o.a.catalina.core.AprLifecycleListener   : APR/OpenSSL configuration: useAprConnector [false], useOpenSSL [true]
2020-08-19 19:58:15.191  INFO 9132 --- [restartedMain] o.a.catalina.core.AprLifecycleListener   : OpenSSL successfully initialized [OpenSSL 1.1.1a  20 Nov 2018]
2020-08-19 19:58:15.309  INFO 9132 --- [restartedMain] o.a.c.c.C.[Tomcat].[localhost].[/]       : Initializing Spring embedded WebApplicationContext
2020-08-19 19:58:15.310  INFO 9132 --- [restartedMain] w.s.c.ServletWebServerApplicationContext : Root WebApplicationContext: initialization completed in 2326 ms
2020-08-19 19:58:15.392  WARN 9132 --- [restartedMain] ConfigServletWebServerApplicationContext : Exception encountered during context initialization - cancelling refresh attempt: org.springframework.beans.factory.UnsatisfiedDependencyException: Error creating bean with name 'userController': Unsatisfied dependency expressed through field 'userService'; nested exception is org.springframework.beans.factory.UnsatisfiedDependencyException: Error creating bean with name 'userServiceImpl': Unsatisfied dependency expressed through field 'userDao'; nested exception is org.springframework.beans.factory.NoSuchBeanDefinitionException: No qualifying bean of type 'com.isoft.demo.dao.UserDao' available: expected at least 1 bean which qualifies as autowire candidate. Dependency annotations: {@org.springframework.beans.factory.annotation.Autowired(required=true)}
2020-08-19 19:58:15.398  INFO 9132 --- [restartedMain] o.apache.catalina.core.StandardService   : Stopping service [Tomcat]
2020-08-19 19:58:15.448  INFO 9132 --- [restartedMain] ConditionEvaluationReportLoggingListener : 

Error starting ApplicationContext. To display the conditions report re-run your application with 'debug' enabled.
2020-08-19 19:58:15.662 ERROR 9132 --- [restartedMain] o.s.b.d.LoggingFailureAnalysisReporter   : 

***************************
APPLICATION FAILED TO START
***************************

Description:

Field userDao in com.isoft.demo.service.impl.UserServiceImpl required a bean of type 'com.isoft.demo.dao.UserDao' that could not be found.

The injection point has the following annotations:
	- @org.springframework.beans.factory.annotation.Autowired(required=true)


Action:

Consider defining a bean of type 'com.isoft.demo.dao.UserDao' in your configuration.

2020-08-19 20:01:51.460  INFO 16580 --- [restartedMain] com.isoft.demo.DemoApplication           : Starting DemoApplication on DESKTOP-03FCN7A with PID 16580 (E:\mobile\target\classes started by dell in E:\mobile)
2020-08-19 20:01:51.465  INFO 16580 --- [restartedMain] com.isoft.demo.DemoApplication           : No active profile set, falling back to default profiles: default
2020-08-19 20:01:51.588  INFO 16580 --- [restartedMain] .e.DevToolsPropertyDefaultsPostProcessor : Devtools property defaults active! Set 'spring.devtools.add-properties' to 'false' to disable
2020-08-19 20:01:51.588  INFO 16580 --- [restartedMain] .e.DevToolsPropertyDefaultsPostProcessor : For additional web related logging consider setting the 'logging.level.web' property to 'DEBUG'
2020-08-19 20:01:53.242  INFO 16580 --- [restartedMain] o.s.b.w.embedded.tomcat.TomcatWebServer  : Tomcat initialized with port(s): 8080 (http)
2020-08-19 20:01:53.251  INFO 16580 --- [restartedMain] o.apache.catalina.core.StandardService   : Starting service [Tomcat]
2020-08-19 20:01:53.252  INFO 16580 --- [restartedMain] org.apache.catalina.core.StandardEngine  : Starting Servlet engine: [Apache Tomcat/9.0.37]
2020-08-19 20:01:53.254  INFO 16580 --- [restartedMain] o.a.catalina.core.AprLifecycleListener   : An older version [1.2.21] of the Apache Tomcat Native library is installed, while Tomcat recommends a minimum version of [1.2.23]
2020-08-19 20:01:53.255  INFO 16580 --- [restartedMain] o.a.catalina.core.AprLifecycleListener   : Loaded Apache Tomcat Native library [1.2.21] using APR version [1.6.5].
2020-08-19 20:01:53.255  INFO 16580 --- [restartedMain] o.a.catalina.core.AprLifecycleListener   : APR capabilities: IPv6 [true], sendfile [true], accept filters [false], random [true].
2020-08-19 20:01:53.255  INFO 16580 --- [restartedMain] o.a.catalina.core.AprLifecycleListener   : APR/OpenSSL configuration: useAprConnector [false], useOpenSSL [true]
2020-08-19 20:01:53.258  INFO 16580 --- [restartedMain] o.a.catalina.core.AprLifecycleListener   : OpenSSL successfully initialized [OpenSSL 1.1.1a  20 Nov 2018]
2020-08-19 20:01:53.352  INFO 16580 --- [restartedMain] o.a.c.c.C.[Tomcat].[localhost].[/]       : Initializing Spring embedded WebApplicationContext
2020-08-19 20:01:53.353  INFO 16580 --- [restartedMain] w.s.c.ServletWebServerApplicationContext : Root WebApplicationContext: initialization completed in 1763 ms
2020-08-19 20:01:54.296  INFO 16580 --- [restartedMain] o.s.s.concurrent.ThreadPoolTaskExecutor  : Initializing ExecutorService 'applicationTaskExecutor'
2020-08-19 20:01:54.355  INFO 16580 --- [restartedMain] o.s.b.a.w.s.WelcomePageHandlerMapping    : Adding welcome page: class path resource [static/index.html]
2020-08-19 20:01:54.589  WARN 16580 --- [restartedMain] o.s.b.d.a.OptionalLiveReloadServer       : Unable to start LiveReload server
2020-08-19 20:01:54.622  WARN 16580 --- [restartedMain] ConfigServletWebServerApplicationContext : Exception encountered during context initialization - cancelling refresh attempt: org.springframework.context.ApplicationContextException: Failed to start bean 'webServerStartStop'; nested exception is org.springframework.boot.web.server.PortInUseException: Port 8080 is already in use
2020-08-19 20:01:54.625  INFO 16580 --- [restartedMain] o.s.s.concurrent.ThreadPoolTaskExecutor  : Shutting down ExecutorService 'applicationTaskExecutor'
2020-08-19 20:01:54.626  INFO 16580 --- [restartedMain] com.alibaba.druid.pool.DruidDataSource   : {dataSource-0} closing ...
2020-08-19 20:01:54.630  INFO 16580 --- [restartedMain] o.apache.catalina.core.StandardService   : Stopping service [Tomcat]
2020-08-19 20:01:54.647  INFO 16580 --- [restartedMain] ConditionEvaluationReportLoggingListener : 

Error starting ApplicationContext. To display the conditions report re-run your application with 'debug' enabled.
2020-08-19 20:01:54.652 ERROR 16580 --- [restartedMain] o.s.b.d.LoggingFailureAnalysisReporter   : 

***************************
APPLICATION FAILED TO START
***************************

Description:

Web server failed to start. Port 8080 was already in use.

Action:

Identify and stop the process that's listening on port 8080 or configure this application to listen on another port.

2020-08-19 20:02:04.811  INFO 1284 --- [restartedMain] com.isoft.demo.DemoApplication           : Starting DemoApplication on DESKTOP-03FCN7A with PID 1284 (E:\mobile\target\classes started by dell in E:\mobile)
2020-08-19 20:02:04.816  INFO 1284 --- [restartedMain] com.isoft.demo.DemoApplication           : No active profile set, falling back to default profiles: default
2020-08-19 20:02:05.037  INFO 1284 --- [restartedMain] .e.DevToolsPropertyDefaultsPostProcessor : Devtools property defaults active! Set 'spring.devtools.add-properties' to 'false' to disable
2020-08-19 20:02:05.037  INFO 1284 --- [restartedMain] .e.DevToolsPropertyDefaultsPostProcessor : For additional web related logging consider setting the 'logging.level.web' property to 'DEBUG'
2020-08-19 20:02:08.396  INFO 1284 --- [restartedMain] o.s.b.w.embedded.tomcat.TomcatWebServer  : Tomcat initialized with port(s): 8080 (http)
2020-08-19 20:02:08.422  INFO 1284 --- [restartedMain] o.apache.catalina.core.StandardService   : Starting service [Tomcat]
2020-08-19 20:02:08.422  INFO 1284 --- [restartedMain] org.apache.catalina.core.StandardEngine  : Starting Servlet engine: [Apache Tomcat/9.0.37]
2020-08-19 20:02:08.427  INFO 1284 --- [restartedMain] o.a.catalina.core.AprLifecycleListener   : An older version [1.2.21] of the Apache Tomcat Native library is installed, while Tomcat recommends a minimum version of [1.2.23]
2020-08-19 20:02:08.428  INFO 1284 --- [restartedMain] o.a.catalina.core.AprLifecycleListener   : Loaded Apache Tomcat Native library [1.2.21] using APR version [1.6.5].
2020-08-19 20:02:08.429  INFO 1284 --- [restartedMain] o.a.catalina.core.AprLifecycleListener   : APR capabilities: IPv6 [true], sendfile [true], accept filters [false], random [true].
2020-08-19 20:02:08.430  INFO 1284 --- [restartedMain] o.a.catalina.core.AprLifecycleListener   : APR/OpenSSL configuration: useAprConnector [false], useOpenSSL [true]
2020-08-19 20:02:08.436  INFO 1284 --- [restartedMain] o.a.catalina.core.AprLifecycleListener   : OpenSSL successfully initialized [OpenSSL 1.1.1a  20 Nov 2018]
2020-08-19 20:02:08.798  INFO 1284 --- [restartedMain] o.a.c.c.C.[Tomcat].[localhost].[/]       : Initializing Spring embedded WebApplicationContext
2020-08-19 20:02:08.801  INFO 1284 --- [restartedMain] w.s.c.ServletWebServerApplicationContext : Root WebApplicationContext: initialization completed in 3762 ms
2020-08-19 20:02:09.089  INFO 6596 --- [restartedMain] com.isoft.demo.DemoApplication           : Starting DemoApplication on DESKTOP-03FCN7A with PID 6596 (E:\mobile\target\classes started by dell in E:\mobile)
2020-08-19 20:02:09.095  INFO 6596 --- [restartedMain] com.isoft.demo.DemoApplication           : No active profile set, falling back to default profiles: default
2020-08-19 20:02:09.213  INFO 6596 --- [restartedMain] .e.DevToolsPropertyDefaultsPostProcessor : Devtools property defaults active! Set 'spring.devtools.add-properties' to 'false' to disable
2020-08-19 20:02:09.213  INFO 6596 --- [restartedMain] .e.DevToolsPropertyDefaultsPostProcessor : For additional web related logging consider setting the 'logging.level.web' property to 'DEBUG'
2020-08-19 20:02:11.227  INFO 1284 --- [restartedMain] o.s.s.concurrent.ThreadPoolTaskExecutor  : Initializing ExecutorService 'applicationTaskExecutor'
2020-08-19 20:02:11.326  INFO 1284 --- [restartedMain] o.s.b.a.w.s.WelcomePageHandlerMapping    : Adding welcome page: class path resource [static/index.html]
2020-08-19 20:02:11.682  INFO 6596 --- [restartedMain] o.s.b.w.embedded.tomcat.TomcatWebServer  : Tomcat initialized with port(s): 8080 (http)
2020-08-19 20:02:11.694  INFO 6596 --- [restartedMain] o.apache.catalina.core.StandardService   : Starting service [Tomcat]
2020-08-19 20:02:11.694  INFO 6596 --- [restartedMain] org.apache.catalina.core.StandardEngine  : Starting Servlet engine: [Apache Tomcat/9.0.37]
2020-08-19 20:02:11.697  INFO 6596 --- [restartedMain] o.a.catalina.core.AprLifecycleListener   : An older version [1.2.21] of the Apache Tomcat Native library is installed, while Tomcat recommends a minimum version of [1.2.23]
2020-08-19 20:02:11.697  INFO 6596 --- [restartedMain] o.a.catalina.core.AprLifecycleListener   : Loaded Apache Tomcat Native library [1.2.21] using APR version [1.6.5].
2020-08-19 20:02:11.698  INFO 6596 --- [restartedMain] o.a.catalina.core.AprLifecycleListener   : APR capabilities: IPv6 [true], sendfile [true], accept filters [false], random [true].
2020-08-19 20:02:11.698  INFO 6596 --- [restartedMain] o.a.catalina.core.AprLifecycleListener   : APR/OpenSSL configuration: useAprConnector [false], useOpenSSL [true]
2020-08-19 20:02:11.702  INFO 6596 --- [restartedMain] o.a.catalina.core.AprLifecycleListener   : OpenSSL successfully initialized [OpenSSL 1.1.1a  20 Nov 2018]
2020-08-19 20:02:11.707  INFO 1284 --- [restartedMain] o.s.b.d.a.OptionalLiveReloadServer       : LiveReload server is running on port 35729
2020-08-19 20:02:11.780  INFO 1284 --- [restartedMain] o.s.b.w.embedded.tomcat.TomcatWebServer  : Tomcat started on port(s): 8080 (http) with context path ''
2020-08-19 20:02:11.797  INFO 1284 --- [restartedMain] com.isoft.demo.DemoApplication           : Started DemoApplication in 7.827 seconds (JVM running for 9.609)
2020-08-19 20:02:11.826  INFO 6596 --- [restartedMain] o.a.c.c.C.[Tomcat].[localhost].[/]       : Initializing Spring embedded WebApplicationContext
2020-08-19 20:02:11.826  INFO 6596 --- [restartedMain] w.s.c.ServletWebServerApplicationContext : Root WebApplicationContext: initialization completed in 2613 ms
2020-08-19 20:02:12.991  INFO 6596 --- [restartedMain] o.s.s.concurrent.ThreadPoolTaskExecutor  : Initializing ExecutorService 'applicationTaskExecutor'
2020-08-19 20:02:13.066  INFO 6596 --- [restartedMain] o.s.b.a.w.s.WelcomePageHandlerMapping    : Adding welcome page: class path resource [static/index.html]
2020-08-19 20:02:13.349  WARN 6596 --- [restartedMain] o.s.b.d.a.OptionalLiveReloadServer       : Unable to start LiveReload server
2020-08-19 20:02:13.391  WARN 6596 --- [restartedMain] ConfigServletWebServerApplicationContext : Exception encountered during context initialization - cancelling refresh attempt: org.springframework.context.ApplicationContextException: Failed to start bean 'webServerStartStop'; nested exception is org.springframework.boot.web.server.PortInUseException: Port 8080 is already in use
2020-08-19 20:02:13.394  INFO 6596 --- [restartedMain] o.s.s.concurrent.ThreadPoolTaskExecutor  : Shutting down ExecutorService 'applicationTaskExecutor'
2020-08-19 20:02:13.395  INFO 6596 --- [restartedMain] com.alibaba.druid.pool.DruidDataSource   : {dataSource-0} closing ...
2020-08-19 20:02:13.397  INFO 6596 --- [restartedMain] o.apache.catalina.core.StandardService   : Stopping service [Tomcat]
2020-08-19 20:02:13.421  INFO 6596 --- [restartedMain] ConditionEvaluationReportLoggingListener : 

Error starting ApplicationContext. To display the conditions report re-run your application with 'debug' enabled.
2020-08-19 20:02:13.427 ERROR 6596 --- [restartedMain] o.s.b.d.LoggingFailureAnalysisReporter   : 

***************************
APPLICATION FAILED TO START
***************************

Description:

Web server failed to start. Port 8080 was already in use.

Action:

Identify and stop the process that's listening on port 8080 or configure this application to listen on another port.

2020-08-19 20:02:31.633  INFO 1284 --- [SpringContextShutdownHook] o.s.s.concurrent.ThreadPoolTaskExecutor  : Shutting down ExecutorService 'applicationTaskExecutor'
2020-08-19 20:02:31.633  INFO 1284 --- [SpringContextShutdownHook] com.alibaba.druid.pool.DruidDataSource   : {dataSource-0} closing ...
2020-08-19 20:02:37.579  INFO 15876 --- [restartedMain] com.isoft.demo.DemoApplication           : Starting DemoApplication on DESKTOP-03FCN7A with PID 15876 (E:\mobile\target\classes started by dell in E:\mobile)
2020-08-19 20:02:37.586  INFO 15876 --- [restartedMain] com.isoft.demo.DemoApplication           : No active profile set, falling back to default profiles: default
2020-08-19 20:02:37.709  INFO 15876 --- [restartedMain] .e.DevToolsPropertyDefaultsPostProcessor : Devtools property defaults active! Set 'spring.devtools.add-properties' to 'false' to disable
2020-08-19 20:02:37.709  INFO 15876 --- [restartedMain] .e.DevToolsPropertyDefaultsPostProcessor : For additional web related logging consider setting the 'logging.level.web' property to 'DEBUG'
2020-08-19 20:02:39.724  INFO 15876 --- [restartedMain] o.s.b.w.embedded.tomcat.TomcatWebServer  : Tomcat initialized with port(s): 8080 (http)
2020-08-19 20:02:39.733  INFO 15876 --- [restartedMain] o.apache.catalina.core.StandardService   : Starting service [Tomcat]
2020-08-19 20:02:39.734  INFO 15876 --- [restartedMain] org.apache.catalina.core.StandardEngine  : Starting Servlet engine: [Apache Tomcat/9.0.37]
2020-08-19 20:02:39.736  INFO 15876 --- [restartedMain] o.a.catalina.core.AprLifecycleListener   : An older version [1.2.21] of the Apache Tomcat Native library is installed, while Tomcat recommends a minimum version of [1.2.23]
2020-08-19 20:02:39.737  INFO 15876 --- [restartedMain] o.a.catalina.core.AprLifecycleListener   : Loaded Apache Tomcat Native library [1.2.21] using APR version [1.6.5].
2020-08-19 20:02:39.737  INFO 15876 --- [restartedMain] o.a.catalina.core.AprLifecycleListener   : APR capabilities: IPv6 [true], sendfile [true], accept filters [false], random [true].
2020-08-19 20:02:39.737  INFO 15876 --- [restartedMain] o.a.catalina.core.AprLifecycleListener   : APR/OpenSSL configuration: useAprConnector [false], useOpenSSL [true]
2020-08-19 20:02:39.740  INFO 15876 --- [restartedMain] o.a.catalina.core.AprLifecycleListener   : OpenSSL successfully initialized [OpenSSL 1.1.1a  20 Nov 2018]
2020-08-19 20:02:39.865  INFO 15876 --- [restartedMain] o.a.c.c.C.[Tomcat].[localhost].[/]       : Initializing Spring embedded WebApplicationContext
2020-08-19 20:02:39.866  INFO 15876 --- [restartedMain] w.s.c.ServletWebServerApplicationContext : Root WebApplicationContext: initialization completed in 2157 ms
2020-08-19 20:02:40.783  INFO 15876 --- [restartedMain] o.s.s.concurrent.ThreadPoolTaskExecutor  : Initializing ExecutorService 'applicationTaskExecutor'
2020-08-19 20:02:40.840  INFO 15876 --- [restartedMain] o.s.b.a.w.s.WelcomePageHandlerMapping    : Adding welcome page: class path resource [static/index.html]
2020-08-19 20:02:41.076  INFO 15876 --- [restartedMain] o.s.b.d.a.OptionalLiveReloadServer       : LiveReload server is running on port 35729
2020-08-19 20:02:41.124  INFO 15876 --- [restartedMain] o.s.b.w.embedded.tomcat.TomcatWebServer  : Tomcat started on port(s): 8080 (http) with context path ''
2020-08-19 20:02:41.136  INFO 15876 --- [restartedMain] com.isoft.demo.DemoApplication           : Started DemoApplication in 4.183 seconds (JVM running for 5.717)
2020-08-19 20:02:49.467  INFO 15876 --- [http-nio-8080-exec-1] o.a.c.c.C.[Tomcat].[localhost].[/]       : Initializing Spring DispatcherServlet 'dispatcherServlet'
2020-08-19 20:02:49.467  INFO 15876 --- [http-nio-8080-exec-1] o.s.web.servlet.DispatcherServlet        : Initializing Servlet 'dispatcherServlet'
2020-08-19 20:02:49.477  INFO 15876 --- [http-nio-8080-exec-1] o.s.web.servlet.DispatcherServlet        : Completed initialization in 9 ms
2020-08-19 20:20:18.269  INFO 12732 --- [restartedMain] com.isoft.demo.DemoApplication           : Starting DemoApplication on DESKTOP-03FCN7A with PID 12732 (E:\mobile\target\classes started by dell in E:\mobile)
2020-08-19 20:20:18.272  INFO 12732 --- [restartedMain] com.isoft.demo.DemoApplication           : No active profile set, falling back to default profiles: default
2020-08-19 20:20:18.327  INFO 12732 --- [restartedMain] .e.DevToolsPropertyDefaultsPostProcessor : Devtools property defaults active! Set 'spring.devtools.add-properties' to 'false' to disable
2020-08-19 20:20:18.327  INFO 12732 --- [restartedMain] .e.DevToolsPropertyDefaultsPostProcessor : For additional web related logging consider setting the 'logging.level.web' property to 'DEBUG'
2020-08-19 20:20:19.535  INFO 12732 --- [restartedMain] o.s.b.w.embedded.tomcat.TomcatWebServer  : Tomcat initialized with port(s): 8080 (http)
2020-08-19 20:20:19.545  INFO 12732 --- [restartedMain] o.apache.catalina.core.StandardService   : Starting service [Tomcat]
2020-08-19 20:20:19.545  INFO 12732 --- [restartedMain] org.apache.catalina.core.StandardEngine  : Starting Servlet engine: [Apache Tomcat/9.0.37]
2020-08-19 20:20:19.547  INFO 12732 --- [restartedMain] o.a.catalina.core.AprLifecycleListener   : An older version [1.2.21] of the Apache Tomcat Native library is installed, while Tomcat recommends a minimum version of [1.2.23]
2020-08-19 20:20:19.548  INFO 12732 --- [restartedMain] o.a.catalina.core.AprLifecycleListener   : Loaded Apache Tomcat Native library [1.2.21] using APR version [1.6.5].
2020-08-19 20:20:19.548  INFO 12732 --- [restartedMain] o.a.catalina.core.AprLifecycleListener   : APR capabilities: IPv6 [true], sendfile [true], accept filters [false], random [true].
2020-08-19 20:20:19.548  INFO 12732 --- [restartedMain] o.a.catalina.core.AprLifecycleListener   : APR/OpenSSL configuration: useAprConnector [false], useOpenSSL [true]
2020-08-19 20:20:19.551  INFO 12732 --- [restartedMain] o.a.catalina.core.AprLifecycleListener   : OpenSSL successfully initialized [OpenSSL 1.1.1a  20 Nov 2018]
2020-08-19 20:20:19.676  INFO 12732 --- [restartedMain] o.a.c.c.C.[Tomcat].[localhost].[/]       : Initializing Spring embedded WebApplicationContext
2020-08-19 20:20:19.676  INFO 12732 --- [restartedMain] w.s.c.ServletWebServerApplicationContext : Root WebApplicationContext: initialization completed in 1349 ms
2020-08-19 20:20:20.483  WARN 12732 --- [restartedMain] c.b.m.core.injector.AbstractMethod       : [com.isoft.demo.mapper.UserMapper.update] Has been loaded by XML or SqlProvider or Mybatis's Annotation, so ignoring this injection for [class com.baomidou.mybatisplus.core.injector.methods.Update]
2020-08-19 20:20:20.708  INFO 12732 --- [restartedMain] o.s.s.concurrent.ThreadPoolTaskExecutor  : Initializing ExecutorService 'applicationTaskExecutor'
2020-08-19 20:20:20.767  INFO 12732 --- [restartedMain] o.s.b.a.w.s.WelcomePageHandlerMapping    : Adding welcome page: class path resource [static/index.html]
2020-08-19 20:20:21.000  INFO 12732 --- [restartedMain] o.s.b.d.a.OptionalLiveReloadServer       : LiveReload server is running on port 35729
2020-08-19 20:20:21.046  INFO 12732 --- [restartedMain] o.s.b.w.embedded.tomcat.TomcatWebServer  : Tomcat started on port(s): 8080 (http) with context path ''
2020-08-19 20:20:21.062  INFO 12732 --- [restartedMain] com.isoft.demo.DemoApplication           : Started DemoApplication in 3.2 seconds (JVM running for 5.185)
2020-08-19 20:20:29.306  INFO 12732 --- [http-nio-8080-exec-1] o.a.c.c.C.[Tomcat].[localhost].[/]       : Initializing Spring DispatcherServlet 'dispatcherServlet'
2020-08-19 20:20:29.307  INFO 12732 --- [http-nio-8080-exec-1] o.s.web.servlet.DispatcherServlet        : Initializing Servlet 'dispatcherServlet'
2020-08-19 20:20:29.314  INFO 12732 --- [http-nio-8080-exec-1] o.s.web.servlet.DispatcherServlet        : Completed initialization in 7 ms
